2012/10/31 17:16:39 [error] [exception.CHttpException.404] exception 'CHttpException' with message '无法解析请求 "favicon.ico"。' in D:\workspace\datamining\competition-php\framework\web\CWebApplication.php:280
Stack trace:
#0 D:\workspace\datamining\competition-php\framework\web\CWebApplication.php(135): CWebApplication->runController('favicon.ico')
#1 D:\workspace\datamining\competition-php\framework\base\CApplication.php(162): CWebApplication->processRequest()
#2 D:\workspace\datamining\competition-php\index.php(13): CApplication->run()
#3 {main}
REQUEST_URI=/favicon.ico
---
2012/10/31 17:18:07 [error] [exception.CHttpException.404] exception 'CHttpException' with message '无法解析请求 "themes/blueribbon/images/beta.png"。' in D:\workspace\datamining\competition-php\framework\web\CWebApplication.php:280
Stack trace:
#0 D:\workspace\datamining\competition-php\framework\web\CWebApplication.php(135): CWebApplication->runController('themes/blueribb...')
#1 D:\workspace\datamining\competition-php\framework\base\CApplication.php(162): CWebApplication->processRequest()
#2 D:\workspace\datamining\competition-php\index.php(13): CApplication->run()
#3 {main}
REQUEST_URI=/themes/blueribbon/images/beta.png
HTTP_REFERER=http://comp.freemined.com/quiz/status
---
2012/10/31 17:18:07 [error] [exception.CHttpException.404] exception 'CHttpException' with message '无法解析请求 "favicon.ico"。' in D:\workspace\datamining\competition-php\framework\web\CWebApplication.php:280
Stack trace:
#0 D:\workspace\datamining\competition-php\framework\web\CWebApplication.php(135): CWebApplication->runController('favicon.ico')
#1 D:\workspace\datamining\competition-php\framework\base\CApplication.php(162): CWebApplication->processRequest()
#2 D:\workspace\datamining\competition-php\index.php(13): CApplication->run()
#3 {main}
REQUEST_URI=/favicon.ico
---
2012/10/31 17:18:24 [error] [exception.CHttpException.404] exception 'CHttpException' with message '无法解析请求 "favicon.ico"。' in D:\workspace\datamining\competition-php\framework\web\CWebApplication.php:280
Stack trace:
#0 D:\workspace\datamining\competition-php\framework\web\CWebApplication.php(135): CWebApplication->runController('favicon.ico')
#1 D:\workspace\datamining\competition-php\framework\base\CApplication.php(162): CWebApplication->processRequest()
#2 D:\workspace\datamining\competition-php\index.php(13): CApplication->run()
#3 {main}
REQUEST_URI=/favicon.ico
---
2012/10/31 17:19:43 [error] [exception.CHttpException.404] exception 'CHttpException' with message '无法解析请求 "favicon.ico"。' in D:\workspace\datamining\competition-php\framework\web\CWebApplication.php:280
Stack trace:
#0 D:\workspace\datamining\competition-php\framework\web\CWebApplication.php(135): CWebApplication->runController('favicon.ico')
#1 D:\workspace\datamining\competition-php\framework\base\CApplication.php(162): CWebApplication->processRequest()
#2 D:\workspace\datamining\competition-php\index.php(13): CApplication->run()
#3 {main}
REQUEST_URI=/favicon.ico
---
2012/10/31 17:19:45 [error] [exception.CHttpException.404] exception 'CHttpException' with message '无法解析请求 "favicon.ico"。' in D:\workspace\datamining\competition-php\framework\web\CWebApplication.php:280
Stack trace:
#0 D:\workspace\datamining\competition-php\framework\web\CWebApplication.php(135): CWebApplication->runController('favicon.ico')
#1 D:\workspace\datamining\competition-php\framework\base\CApplication.php(162): CWebApplication->processRequest()
#2 D:\workspace\datamining\competition-php\index.php(13): CApplication->run()
#3 {main}
REQUEST_URI=/favicon.ico
---
2012/10/31 17:20:05 [error] [exception.CHttpException.404] exception 'CHttpException' with message '系统无法找到请求的 "aboutus" 动作.' in D:\workspace\datamining\competition-php\framework\web\CController.php:484
Stack trace:
#0 D:\workspace\datamining\competition-php\framework\web\CController.php(271): CController->missingAction('aboutus')
#1 D:\workspace\datamining\competition-php\framework\web\CWebApplication.php(276): CController->run('aboutus')
#2 D:\workspace\datamining\competition-php\framework\web\CWebApplication.php(135): CWebApplication->runController('site/aboutus')
#3 D:\workspace\datamining\competition-php\framework\base\CApplication.php(162): CWebApplication->processRequest()
#4 D:\workspace\datamining\competition-php\index.php(13): CApplication->run()
#5 {main}
REQUEST_URI=/site/aboutus
HTTP_REFERER=http://comp.freemined.com/quiz
---
2012/10/31 17:20:06 [error] [exception.CHttpException.404] exception 'CHttpException' with message '无法解析请求 "favicon.ico"。' in D:\workspace\datamining\competition-php\framework\web\CWebApplication.php:280
Stack trace:
#0 D:\workspace\datamining\competition-php\framework\web\CWebApplication.php(135): CWebApplication->runController('favicon.ico')
#1 D:\workspace\datamining\competition-php\framework\base\CApplication.php(162): CWebApplication->processRequest()
#2 D:\workspace\datamining\competition-php\index.php(13): CApplication->run()
#3 {main}
REQUEST_URI=/favicon.ico
---
2012/10/31 17:20:07 [error] [exception.CHttpException.404] exception 'CHttpException' with message '无法解析请求 "favicon.ico"。' in D:\workspace\datamining\competition-php\framework\web\CWebApplication.php:280
Stack trace:
#0 D:\workspace\datamining\competition-php\framework\web\CWebApplication.php(135): CWebApplication->runController('favicon.ico')
#1 D:\workspace\datamining\competition-php\framework\base\CApplication.php(162): CWebApplication->processRequest()
#2 D:\workspace\datamining\competition-php\index.php(13): CApplication->run()
#3 {main}
REQUEST_URI=/favicon.ico
---
2012/10/31 17:20:08 [error] [exception.CHttpException.404] exception 'CHttpException' with message '系统无法找到请求的 "aboutus" 动作.' in D:\workspace\datamining\competition-php\framework\web\CController.php:484
Stack trace:
#0 D:\workspace\datamining\competition-php\framework\web\CController.php(271): CController->missingAction('aboutus')
#1 D:\workspace\datamining\competition-php\framework\web\CWebApplication.php(276): CController->run('aboutus')
#2 D:\workspace\datamining\competition-php\framework\web\CWebApplication.php(135): CWebApplication->runController('site/aboutus')
#3 D:\workspace\datamining\competition-php\framework\base\CApplication.php(162): CWebApplication->processRequest()
#4 D:\workspace\datamining\competition-php\index.php(13): CApplication->run()
#5 {main}
REQUEST_URI=/site/aboutus
HTTP_REFERER=http://comp.freemined.com/quiz/status
---
2012/10/31 17:20:08 [error] [exception.CHttpException.404] exception 'CHttpException' with message '无法解析请求 "favicon.ico"。' in D:\workspace\datamining\competition-php\framework\web\CWebApplication.php:280
Stack trace:
#0 D:\workspace\datamining\competition-php\framework\web\CWebApplication.php(135): CWebApplication->runController('favicon.ico')
#1 D:\workspace\datamining\competition-php\framework\base\CApplication.php(162): CWebApplication->processRequest()
#2 D:\workspace\datamining\competition-php\index.php(13): CApplication->run()
#3 {main}
REQUEST_URI=/favicon.ico
---
2012/10/31 17:20:09 [error] [exception.CHttpException.404] exception 'CHttpException' with message '无法解析请求 "favicon.ico"。' in D:\workspace\datamining\competition-php\framework\web\CWebApplication.php:280
Stack trace:
#0 D:\workspace\datamining\competition-php\framework\web\CWebApplication.php(135): CWebApplication->runController('favicon.ico')
#1 D:\workspace\datamining\competition-php\framework\base\CApplication.php(162): CWebApplication->processRequest()
#2 D:\workspace\datamining\competition-php\index.php(13): CApplication->run()
#3 {main}
REQUEST_URI=/favicon.ico
---
2012/10/31 17:29:34 [error] [exception.CHttpException.404] exception 'CHttpException' with message '系统无法找到请求的 "aboutus" 动作.' in D:\workspace\datamining\competition-php\framework\web\CController.php:484
Stack trace:
#0 D:\workspace\datamining\competition-php\framework\web\CController.php(271): CController->missingAction('aboutus')
#1 D:\workspace\datamining\competition-php\framework\web\CWebApplication.php(276): CController->run('aboutus')
#2 D:\workspace\datamining\competition-php\framework\web\CWebApplication.php(135): CWebApplication->runController('site/aboutus')
#3 D:\workspace\datamining\competition-php\framework\base\CApplication.php(162): CWebApplication->processRequest()
#4 D:\workspace\datamining\competition-php\index.php(13): CApplication->run()
#5 {main}
REQUEST_URI=/site/aboutus
HTTP_REFERER=http://comp.freemined.com/quiz
---
2012/10/31 17:29:34 [error] [exception.CHttpException.404] exception 'CHttpException' with message '无法解析请求 "favicon.ico"。' in D:\workspace\datamining\competition-php\framework\web\CWebApplication.php:280
Stack trace:
#0 D:\workspace\datamining\competition-php\framework\web\CWebApplication.php(135): CWebApplication->runController('favicon.ico')
#1 D:\workspace\datamining\competition-php\framework\base\CApplication.php(162): CWebApplication->processRequest()
#2 D:\workspace\datamining\competition-php\index.php(13): CApplication->run()
#3 {main}
REQUEST_URI=/favicon.ico
---
2012/10/31 17:31:34 [error] [exception.CException] exception 'CException' with message 'SiteController 无法找到请求的视图 "site/about".' in D:\workspace\datamining\competition-php\framework\web\CController.php:879
Stack trace:
#0 D:\workspace\datamining\competition-php\framework\web\CController.php(783): CController->renderPartial('site/about', NULL, true)
#1 D:\workspace\datamining\competition-php\protected\controllers\SiteController.php(82): CController->render('site/about')
#2 D:\workspace\datamining\competition-php\framework\web\actions\CInlineAction.php(50): SiteController->actionAboutus()
#3 D:\workspace\datamining\competition-php\framework\web\CController.php(309): CInlineAction->runWithParams(Array)
#4 D:\workspace\datamining\competition-php\framework\web\CController.php(287): CController->runAction(Object(CInlineAction))
#5 D:\workspace\datamining\competition-php\framework\web\CController.php(266): CController->runActionWithFilters(Object(CInlineAction), Array)
#6 D:\workspace\datamining\competition-php\framework\web\CWebApplication.php(276): CController->run('aboutus')
#7 D:\workspace\datamining\competition-php\framework\web\CWebApplication.php(135): CWebApplication->runController('site/aboutus')
#8 D:\workspace\datamining\competition-php\framework\base\CApplication.php(162): CWebApplication->processRequest()
#9 D:\workspace\datamining\competition-php\index.php(13): CApplication->run()
#10 {main}
REQUEST_URI=/site/aboutus
HTTP_REFERER=http://comp.freemined.com/site/aboutus
---
2012/10/31 17:31:34 [error] [exception.CHttpException.404] exception 'CHttpException' with message '无法解析请求 "favicon.ico"。' in D:\workspace\datamining\competition-php\framework\web\CWebApplication.php:280
Stack trace:
#0 D:\workspace\datamining\competition-php\framework\web\CWebApplication.php(135): CWebApplication->runController('favicon.ico')
#1 D:\workspace\datamining\competition-php\framework\base\CApplication.php(162): CWebApplication->processRequest()
#2 D:\workspace\datamining\competition-php\index.php(13): CApplication->run()
#3 {main}
REQUEST_URI=/favicon.ico
---
2012/10/31 17:31:54 [error] [exception.CHttpException.404] exception 'CHttpException' with message '系统无法找到请求的 "aboutus" 动作.' in D:\workspace\datamining\competition-php\framework\web\CController.php:484
Stack trace:
#0 D:\workspace\datamining\competition-php\framework\web\CController.php(271): CController->missingAction('aboutus')
#1 D:\workspace\datamining\competition-php\framework\web\CWebApplication.php(276): CController->run('aboutus')
#2 D:\workspace\datamining\competition-php\framework\web\CWebApplication.php(135): CWebApplication->runController('site/aboutus')
#3 D:\workspace\datamining\competition-php\framework\base\CApplication.php(162): CWebApplication->processRequest()
#4 D:\workspace\datamining\competition-php\index.php(13): CApplication->run()
#5 {main}
REQUEST_URI=/site/aboutus
HTTP_REFERER=http://comp.freemined.com/site/aboutus
---
2012/10/31 17:31:54 [error] [exception.CHttpException.404] exception 'CHttpException' with message '无法解析请求 "themes/blueribbon/images/beta.png"。' in D:\workspace\datamining\competition-php\framework\web\CWebApplication.php:280
Stack trace:
#0 D:\workspace\datamining\competition-php\framework\web\CWebApplication.php(135): CWebApplication->runController('themes/blueribb...')
#1 D:\workspace\datamining\competition-php\framework\base\CApplication.php(162): CWebApplication->processRequest()
#2 D:\workspace\datamining\competition-php\index.php(13): CApplication->run()
#3 {main}
REQUEST_URI=/themes/blueribbon/images/beta.png
HTTP_REFERER=http://comp.freemined.com/site/aboutus
---
2012/10/31 17:31:54 [error] [exception.CHttpException.404] exception 'CHttpException' with message '无法解析请求 "favicon.ico"。' in D:\workspace\datamining\competition-php\framework\web\CWebApplication.php:280
Stack trace:
#0 D:\workspace\datamining\competition-php\framework\web\CWebApplication.php(135): CWebApplication->runController('favicon.ico')
#1 D:\workspace\datamining\competition-php\framework\base\CApplication.php(162): CWebApplication->processRequest()
#2 D:\workspace\datamining\competition-php\index.php(13): CApplication->run()
#3 {main}
REQUEST_URI=/favicon.ico
---
2012/10/31 17:31:55 [error] [exception.CHttpException.404] exception 'CHttpException' with message '系统无法找到请求的 "aboutus" 动作.' in D:\workspace\datamining\competition-php\framework\web\CController.php:484
Stack trace:
#0 D:\workspace\datamining\competition-php\framework\web\CController.php(271): CController->missingAction('aboutus')
#1 D:\workspace\datamining\competition-php\framework\web\CWebApplication.php(276): CController->run('aboutus')
#2 D:\workspace\datamining\competition-php\framework\web\CWebApplication.php(135): CWebApplication->runController('site/aboutus')
#3 D:\workspace\datamining\competition-php\framework\base\CApplication.php(162): CWebApplication->processRequest()
#4 D:\workspace\datamining\competition-php\index.php(13): CApplication->run()
#5 {main}
REQUEST_URI=/site/aboutus
HTTP_REFERER=http://comp.freemined.com/site/aboutus
---
2012/10/31 17:31:55 [error] [exception.CHttpException.404] exception 'CHttpException' with message '无法解析请求 "favicon.ico"。' in D:\workspace\datamining\competition-php\framework\web\CWebApplication.php:280
Stack trace:
#0 D:\workspace\datamining\competition-php\framework\web\CWebApplication.php(135): CWebApplication->runController('favicon.ico')
#1 D:\workspace\datamining\competition-php\framework\base\CApplication.php(162): CWebApplication->processRequest()
#2 D:\workspace\datamining\competition-php\index.php(13): CApplication->run()
#3 {main}
REQUEST_URI=/favicon.ico
---
2012/10/31 17:31:59 [error] [exception.CHttpException.404] exception 'CHttpException' with message '系统无法找到请求的 "aboutus" 动作.' in D:\workspace\datamining\competition-php\framework\web\CController.php:484
Stack trace:
#0 D:\workspace\datamining\competition-php\framework\web\CController.php(271): CController->missingAction('aboutus')
#1 D:\workspace\datamining\competition-php\framework\web\CWebApplication.php(276): CController->run('aboutus')
#2 D:\workspace\datamining\competition-php\framework\web\CWebApplication.php(135): CWebApplication->runController('site/aboutus')
#3 D:\workspace\datamining\competition-php\framework\base\CApplication.php(162): CWebApplication->processRequest()
#4 D:\workspace\datamining\competition-php\index.php(13): CApplication->run()
#5 {main}
REQUEST_URI=/site/aboutus
HTTP_REFERER=http://comp.freemined.com/site/aboutus
---
2012/10/31 17:31:59 [error] [exception.CHttpException.404] exception 'CHttpException' with message '无法解析请求 "favicon.ico"。' in D:\workspace\datamining\competition-php\framework\web\CWebApplication.php:280
Stack trace:
#0 D:\workspace\datamining\competition-php\framework\web\CWebApplication.php(135): CWebApplication->runController('favicon.ico')
#1 D:\workspace\datamining\competition-php\framework\base\CApplication.php(162): CWebApplication->processRequest()
#2 D:\workspace\datamining\competition-php\index.php(13): CApplication->run()
#3 {main}
REQUEST_URI=/favicon.ico
---
2012/10/31 17:33:28 [error] [exception.CHttpException.404] exception 'CHttpException' with message '系统无法找到请求的 "aboutus" 动作.' in D:\workspace\datamining\competition-php\framework\web\CController.php:484
Stack trace:
#0 D:\workspace\datamining\competition-php\framework\web\CController.php(271): CController->missingAction('aboutus')
#1 D:\workspace\datamining\competition-php\framework\web\CWebApplication.php(276): CController->run('aboutus')
#2 D:\workspace\datamining\competition-php\framework\web\CWebApplication.php(135): CWebApplication->runController('site/aboutus')
#3 D:\workspace\datamining\competition-php\framework\base\CApplication.php(162): CWebApplication->processRequest()
#4 D:\workspace\datamining\competition-php\index.php(13): CApplication->run()
#5 {main}
REQUEST_URI=/site/aboutus
HTTP_REFERER=http://comp.freemined.com/site/aboutus
---
2012/10/31 17:33:28 [error] [exception.CHttpException.404] exception 'CHttpException' with message '无法解析请求 "favicon.ico"。' in D:\workspace\datamining\competition-php\framework\web\CWebApplication.php:280
Stack trace:
#0 D:\workspace\datamining\competition-php\framework\web\CWebApplication.php(135): CWebApplication->runController('favicon.ico')
#1 D:\workspace\datamining\competition-php\framework\base\CApplication.php(162): CWebApplication->processRequest()
#2 D:\workspace\datamining\competition-php\index.php(13): CApplication->run()
#3 {main}
REQUEST_URI=/favicon.ico
---
2012/10/31 17:33:29 [error] [exception.CHttpException.404] exception 'CHttpException' with message '系统无法找到请求的 "aboutus" 动作.' in D:\workspace\datamining\competition-php\framework\web\CController.php:484
Stack trace:
#0 D:\workspace\datamining\competition-php\framework\web\CController.php(271): CController->missingAction('aboutus')
#1 D:\workspace\datamining\competition-php\framework\web\CWebApplication.php(276): CController->run('aboutus')
#2 D:\workspace\datamining\competition-php\framework\web\CWebApplication.php(135): CWebApplication->runController('site/aboutus')
#3 D:\workspace\datamining\competition-php\framework\base\CApplication.php(162): CWebApplication->processRequest()
#4 D:\workspace\datamining\competition-php\index.php(13): CApplication->run()
#5 {main}
REQUEST_URI=/site/aboutus
HTTP_REFERER=http://comp.freemined.com/site/aboutus
---
2012/10/31 17:33:29 [error] [exception.CHttpException.404] exception 'CHttpException' with message '无法解析请求 "favicon.ico"。' in D:\workspace\datamining\competition-php\framework\web\CWebApplication.php:280
Stack trace:
#0 D:\workspace\datamining\competition-php\framework\web\CWebApplication.php(135): CWebApplication->runController('favicon.ico')
#1 D:\workspace\datamining\competition-php\framework\base\CApplication.php(162): CWebApplication->processRequest()
#2 D:\workspace\datamining\competition-php\index.php(13): CApplication->run()
#3 {main}
REQUEST_URI=/favicon.ico
---
2012/10/31 17:33:32 [error] [exception.CHttpException.404] exception 'CHttpException' with message '系统无法找到请求的 "aboutus" 动作.' in D:\workspace\datamining\competition-php\framework\web\CController.php:484
Stack trace:
#0 D:\workspace\datamining\competition-php\framework\web\CController.php(271): CController->missingAction('aboutus')
#1 D:\workspace\datamining\competition-php\framework\web\CWebApplication.php(276): CController->run('aboutus')
#2 D:\workspace\datamining\competition-php\framework\web\CWebApplication.php(135): CWebApplication->runController('site/aboutus')
#3 D:\workspace\datamining\competition-php\framework\base\CApplication.php(162): CWebApplication->processRequest()
#4 D:\workspace\datamining\competition-php\index.php(13): CApplication->run()
#5 {main}
REQUEST_URI=/site/aboutus
HTTP_REFERER=http://comp.freemined.com/site/aboutus
---
2012/10/31 17:33:33 [error] [exception.CHttpException.404] exception 'CHttpException' with message '无法解析请求 "favicon.ico"。' in D:\workspace\datamining\competition-php\framework\web\CWebApplication.php:280
Stack trace:
#0 D:\workspace\datamining\competition-php\framework\web\CWebApplication.php(135): CWebApplication->runController('favicon.ico')
#1 D:\workspace\datamining\competition-php\framework\base\CApplication.php(162): CWebApplication->processRequest()
#2 D:\workspace\datamining\competition-php\index.php(13): CApplication->run()
#3 {main}
REQUEST_URI=/favicon.ico
---
2012/10/31 17:33:38 [error] [exception.CHttpException.404] exception 'CHttpException' with message '无法解析请求 "favicon.ico"。' in D:\workspace\datamining\competition-php\framework\web\CWebApplication.php:280
Stack trace:
#0 D:\workspace\datamining\competition-php\framework\web\CWebApplication.php(135): CWebApplication->runController('favicon.ico')
#1 D:\workspace\datamining\competition-php\framework\base\CApplication.php(162): CWebApplication->processRequest()
#2 D:\workspace\datamining\competition-php\index.php(13): CApplication->run()
#3 {main}
REQUEST_URI=/favicon.ico
---
2012/10/31 17:33:39 [error] [exception.CHttpException.404] exception 'CHttpException' with message '无法解析请求 "favicon.ico"。' in D:\workspace\datamining\competition-php\framework\web\CWebApplication.php:280
Stack trace:
#0 D:\workspace\datamining\competition-php\framework\web\CWebApplication.php(135): CWebApplication->runController('favicon.ico')
#1 D:\workspace\datamining\competition-php\framework\base\CApplication.php(162): CWebApplication->processRequest()
#2 D:\workspace\datamining\competition-php\index.php(13): CApplication->run()
#3 {main}
REQUEST_URI=/favicon.ico
---
2012/10/31 17:34:45 [error] [exception.CHttpException.404] exception 'CHttpException' with message '无法解析请求 "themes/blueribbon/images/beta.png"。' in D:\workspace\datamining\competition-php\framework\web\CWebApplication.php:280
Stack trace:
#0 D:\workspace\datamining\competition-php\framework\web\CWebApplication.php(135): CWebApplication->runController('themes/blueribb...')
#1 D:\workspace\datamining\competition-php\framework\base\CApplication.php(162): CWebApplication->processRequest()
#2 D:\workspace\datamining\competition-php\index.php(13): CApplication->run()
#3 {main}
REQUEST_URI=/themes/blueribbon/images/beta.png
HTTP_REFERER=http://comp.freemined.com/site/aboutus
---
2012/10/31 17:34:45 [error] [exception.CHttpException.404] exception 'CHttpException' with message '无法解析请求 "favicon.ico"。' in D:\workspace\datamining\competition-php\framework\web\CWebApplication.php:280
Stack trace:
#0 D:\workspace\datamining\competition-php\framework\web\CWebApplication.php(135): CWebApplication->runController('favicon.ico')
#1 D:\workspace\datamining\competition-php\framework\base\CApplication.php(162): CWebApplication->processRequest()
#2 D:\workspace\datamining\competition-php\index.php(13): CApplication->run()
#3 {main}
REQUEST_URI=/favicon.ico
---
2012/10/31 17:34:46 [error] [exception.CHttpException.404] exception 'CHttpException' with message '无法解析请求 "favicon.ico"。' in D:\workspace\datamining\competition-php\framework\web\CWebApplication.php:280
Stack trace:
#0 D:\workspace\datamining\competition-php\framework\web\CWebApplication.php(135): CWebApplication->runController('favicon.ico')
#1 D:\workspace\datamining\competition-php\framework\base\CApplication.php(162): CWebApplication->processRequest()
#2 D:\workspace\datamining\competition-php\index.php(13): CApplication->run()
#3 {main}
REQUEST_URI=/favicon.ico
---
2012/10/31 17:34:47 [error] [exception.CHttpException.404] exception 'CHttpException' with message '无法解析请求 "themes/blueribbon/images/beta.png"。' in D:\workspace\datamining\competition-php\framework\web\CWebApplication.php:280
Stack trace:
#0 D:\workspace\datamining\competition-php\framework\web\CWebApplication.php(135): CWebApplication->runController('themes/blueribb...')
#1 D:\workspace\datamining\competition-php\framework\base\CApplication.php(162): CWebApplication->processRequest()
#2 D:\workspace\datamining\competition-php\index.php(13): CApplication->run()
#3 {main}
REQUEST_URI=/themes/blueribbon/images/beta.png
HTTP_REFERER=http://comp.freemined.com/site/aboutus
---
2012/10/31 17:34:47 [error] [exception.CHttpException.404] exception 'CHttpException' with message '无法解析请求 "favicon.ico"。' in D:\workspace\datamining\competition-php\framework\web\CWebApplication.php:280
Stack trace:
#0 D:\workspace\datamining\competition-php\framework\web\CWebApplication.php(135): CWebApplication->runController('favicon.ico')
#1 D:\workspace\datamining\competition-php\framework\base\CApplication.php(162): CWebApplication->processRequest()
#2 D:\workspace\datamining\competition-php\index.php(13): CApplication->run()
#3 {main}
REQUEST_URI=/favicon.ico
---
2012/10/31 17:35:49 [error] [exception.CHttpException.404] exception 'CHttpException' with message '无法解析请求 "themes/blueribbon/images/beta.png"。' in D:\workspace\datamining\competition-php\framework\web\CWebApplication.php:280
Stack trace:
#0 D:\workspace\datamining\competition-php\framework\web\CWebApplication.php(135): CWebApplication->runController('themes/blueribb...')
#1 D:\workspace\datamining\competition-php\framework\base\CApplication.php(162): CWebApplication->processRequest()
#2 D:\workspace\datamining\competition-php\index.php(13): CApplication->run()
#3 {main}
REQUEST_URI=/themes/blueribbon/images/beta.png
HTTP_REFERER=http://comp.freemined.com/site/aboutus
---
2012/10/31 17:35:49 [error] [exception.CHttpException.404] exception 'CHttpException' with message '无法解析请求 "favicon.ico"。' in D:\workspace\datamining\competition-php\framework\web\CWebApplication.php:280
Stack trace:
#0 D:\workspace\datamining\competition-php\framework\web\CWebApplication.php(135): CWebApplication->runController('favicon.ico')
#1 D:\workspace\datamining\competition-php\framework\base\CApplication.php(162): CWebApplication->processRequest()
#2 D:\workspace\datamining\competition-php\index.php(13): CApplication->run()
#3 {main}
REQUEST_URI=/favicon.ico
---
2012/10/31 17:36:16 [error] [exception.CHttpException.404] exception 'CHttpException' with message '无法解析请求 "favicon.ico"。' in D:\workspace\datamining\competition-php\framework\web\CWebApplication.php:280
Stack trace:
#0 D:\workspace\datamining\competition-php\framework\web\CWebApplication.php(135): CWebApplication->runController('favicon.ico')
#1 D:\workspace\datamining\competition-php\framework\base\CApplication.php(162): CWebApplication->processRequest()
#2 D:\workspace\datamining\competition-php\index.php(13): CApplication->run()
#3 {main}
REQUEST_URI=/favicon.ico
---
2012/10/31 17:36:20 [error] [exception.CHttpException.404] exception 'CHttpException' with message '无法解析请求 "favicon.ico"。' in D:\workspace\datamining\competition-php\framework\web\CWebApplication.php:280
Stack trace:
#0 D:\workspace\datamining\competition-php\framework\web\CWebApplication.php(135): CWebApplication->runController('favicon.ico')
#1 D:\workspace\datamining\competition-php\framework\base\CApplication.php(162): CWebApplication->processRequest()
#2 D:\workspace\datamining\competition-php\index.php(13): CApplication->run()
#3 {main}
REQUEST_URI=/favicon.ico
---
2012/10/31 17:40:58 [error] [exception.CHttpException.404] exception 'CHttpException' with message '无法解析请求 "favicon.ico"。' in D:\workspace\datamining\competition-php\framework\web\CWebApplication.php:280
Stack trace:
#0 D:\workspace\datamining\competition-php\framework\web\CWebApplication.php(135): CWebApplication->runController('favicon.ico')
#1 D:\workspace\datamining\competition-php\framework\base\CApplication.php(162): CWebApplication->processRequest()
#2 D:\workspace\datamining\competition-php\index.php(13): CApplication->run()
#3 {main}
REQUEST_URI=/favicon.ico
---
2012/10/31 17:41:07 [error] [exception.CHttpException.404] exception 'CHttpException' with message '无法解析请求 "favicon.ico"。' in D:\workspace\datamining\competition-php\framework\web\CWebApplication.php:280
Stack trace:
#0 D:\workspace\datamining\competition-php\framework\web\CWebApplication.php(135): CWebApplication->runController('favicon.ico')
#1 D:\workspace\datamining\competition-php\framework\base\CApplication.php(162): CWebApplication->processRequest()
#2 D:\workspace\datamining\competition-php\index.php(13): CApplication->run()
#3 {main}
REQUEST_URI=/favicon.ico
---
2012/10/31 17:41:56 [error] [exception.CHttpException.404] exception 'CHttpException' with message '无法解析请求 "themes/blueribbon/images/beta.png"。' in D:\workspace\datamining\competition-php\framework\web\CWebApplication.php:280
Stack trace:
#0 D:\workspace\datamining\competition-php\framework\web\CWebApplication.php(135): CWebApplication->runController('themes/blueribb...')
#1 D:\workspace\datamining\competition-php\framework\base\CApplication.php(162): CWebApplication->processRequest()
#2 D:\workspace\datamining\competition-php\index.php(13): CApplication->run()
#3 {main}
REQUEST_URI=/themes/blueribbon/images/beta.png
HTTP_REFERER=http://comp.freemined.com/quiz
---
2012/10/31 17:41:56 [error] [exception.CHttpException.404] exception 'CHttpException' with message '无法解析请求 "favicon.ico"。' in D:\workspace\datamining\competition-php\framework\web\CWebApplication.php:280
Stack trace:
#0 D:\workspace\datamining\competition-php\framework\web\CWebApplication.php(135): CWebApplication->runController('favicon.ico')
#1 D:\workspace\datamining\competition-php\framework\base\CApplication.php(162): CWebApplication->processRequest()
#2 D:\workspace\datamining\competition-php\index.php(13): CApplication->run()
#3 {main}
REQUEST_URI=/favicon.ico
---
2012/10/31 17:42:16 [error] [exception.CHttpException.404] exception 'CHttpException' with message '无法解析请求 "favicon.ico"。' in D:\workspace\datamining\competition-php\framework\web\CWebApplication.php:280
Stack trace:
#0 D:\workspace\datamining\competition-php\framework\web\CWebApplication.php(135): CWebApplication->runController('favicon.ico')
#1 D:\workspace\datamining\competition-php\framework\base\CApplication.php(162): CWebApplication->processRequest()
#2 D:\workspace\datamining\competition-php\index.php(13): CApplication->run()
#3 {main}
REQUEST_URI=/favicon.ico
---
2012/10/31 17:42:17 [error] [exception.CHttpException.404] exception 'CHttpException' with message '无法解析请求 "favicon.ico"。' in D:\workspace\datamining\competition-php\framework\web\CWebApplication.php:280
Stack trace:
#0 D:\workspace\datamining\competition-php\framework\web\CWebApplication.php(135): CWebApplication->runController('favicon.ico')
#1 D:\workspace\datamining\competition-php\framework\base\CApplication.php(162): CWebApplication->processRequest()
#2 D:\workspace\datamining\competition-php\index.php(13): CApplication->run()
#3 {main}
REQUEST_URI=/favicon.ico
---
2012/10/31 17:42:18 [error] [exception.CHttpException.404] exception 'CHttpException' with message '无法解析请求 "favicon.ico"。' in D:\workspace\datamining\competition-php\framework\web\CWebApplication.php:280
Stack trace:
#0 D:\workspace\datamining\competition-php\framework\web\CWebApplication.php(135): CWebApplication->runController('favicon.ico')
#1 D:\workspace\datamining\competition-php\framework\base\CApplication.php(162): CWebApplication->processRequest()
#2 D:\workspace\datamining\competition-php\index.php(13): CApplication->run()
#3 {main}
REQUEST_URI=/favicon.ico
---
2012/10/31 17:42:19 [error] [exception.CHttpException.404] exception 'CHttpException' with message '无法解析请求 "favicon.ico"。' in D:\workspace\datamining\competition-php\framework\web\CWebApplication.php:280
Stack trace:
#0 D:\workspace\datamining\competition-php\framework\web\CWebApplication.php(135): CWebApplication->runController('favicon.ico')
#1 D:\workspace\datamining\competition-php\framework\base\CApplication.php(162): CWebApplication->processRequest()
#2 D:\workspace\datamining\competition-php\index.php(13): CApplication->run()
#3 {main}
REQUEST_URI=/favicon.ico
---
2012/10/31 17:42:20 [error] [exception.CHttpException.404] exception 'CHttpException' with message '无法解析请求 "favicon.ico"。' in D:\workspace\datamining\competition-php\framework\web\CWebApplication.php:280
Stack trace:
#0 D:\workspace\datamining\competition-php\framework\web\CWebApplication.php(135): CWebApplication->runController('favicon.ico')
#1 D:\workspace\datamining\competition-php\framework\base\CApplication.php(162): CWebApplication->processRequest()
#2 D:\workspace\datamining\competition-php\index.php(13): CApplication->run()
#3 {main}
REQUEST_URI=/favicon.ico
---
2012/10/31 17:42:55 [error] [exception.CHttpException.404] exception 'CHttpException' with message '无法解析请求 "favicon.ico"。' in D:\workspace\datamining\competition-php\framework\web\CWebApplication.php:280
Stack trace:
#0 D:\workspace\datamining\competition-php\framework\web\CWebApplication.php(135): CWebApplication->runController('favicon.ico')
#1 D:\workspace\datamining\competition-php\framework\base\CApplication.php(162): CWebApplication->processRequest()
#2 D:\workspace\datamining\competition-php\index.php(13): CApplication->run()
#3 {main}
REQUEST_URI=/favicon.ico
---
2012/10/31 17:43:20 [error] [exception.CHttpException.404] exception 'CHttpException' with message '无法解析请求 "favicon.ico"。' in D:\workspace\datamining\competition-php\framework\web\CWebApplication.php:280
Stack trace:
#0 D:\workspace\datamining\competition-php\framework\web\CWebApplication.php(135): CWebApplication->runController('favicon.ico')
#1 D:\workspace\datamining\competition-php\framework\base\CApplication.php(162): CWebApplication->processRequest()
#2 D:\workspace\datamining\competition-php\index.php(13): CApplication->run()
#3 {main}
REQUEST_URI=/favicon.ico
---
2012/10/31 17:43:59 [error] [exception.CHttpException.404] exception 'CHttpException' with message '无法解析请求 "favicon.ico"。' in D:\workspace\datamining\competition-php\framework\web\CWebApplication.php:280
Stack trace:
#0 D:\workspace\datamining\competition-php\framework\web\CWebApplication.php(135): CWebApplication->runController('favicon.ico')
#1 D:\workspace\datamining\competition-php\framework\base\CApplication.php(162): CWebApplication->processRequest()
#2 D:\workspace\datamining\competition-php\index.php(13): CApplication->run()
#3 {main}
REQUEST_URI=/favicon.ico
---
2012/10/31 17:44:04 [error] [exception.CHttpException.404] exception 'CHttpException' with message '无法解析请求 "favicon.ico"。' in D:\workspace\datamining\competition-php\framework\web\CWebApplication.php:280
Stack trace:
#0 D:\workspace\datamining\competition-php\framework\web\CWebApplication.php(135): CWebApplication->runController('favicon.ico')
#1 D:\workspace\datamining\competition-php\framework\base\CApplication.php(162): CWebApplication->processRequest()
#2 D:\workspace\datamining\competition-php\index.php(13): CApplication->run()
#3 {main}
REQUEST_URI=/favicon.ico
---
2012/10/31 17:44:10 [error] [exception.CHttpException.404] exception 'CHttpException' with message '无法解析请求 "favicon.ico"。' in D:\workspace\datamining\competition-php\framework\web\CWebApplication.php:280
Stack trace:
#0 D:\workspace\datamining\competition-php\framework\web\CWebApplication.php(135): CWebApplication->runController('favicon.ico')
#1 D:\workspace\datamining\competition-php\framework\base\CApplication.php(162): CWebApplication->processRequest()
#2 D:\workspace\datamining\competition-php\index.php(13): CApplication->run()
#3 {main}
REQUEST_URI=/favicon.ico
---
2012/10/31 17:45:05 [error] [exception.CHttpException.404] exception 'CHttpException' with message '无法解析请求 "favicon.ico"。' in D:\workspace\datamining\competition-php\framework\web\CWebApplication.php:280
Stack trace:
#0 D:\workspace\datamining\competition-php\framework\web\CWebApplication.php(135): CWebApplication->runController('favicon.ico')
#1 D:\workspace\datamining\competition-php\framework\base\CApplication.php(162): CWebApplication->processRequest()
#2 D:\workspace\datamining\competition-php\index.php(13): CApplication->run()
#3 {main}
REQUEST_URI=/favicon.ico
---
2012/10/31 17:45:45 [error] [exception.CHttpException.404] exception 'CHttpException' with message '无法解析请求 "favicon.ico"。' in D:\workspace\datamining\competition-php\framework\web\CWebApplication.php:280
Stack trace:
#0 D:\workspace\datamining\competition-php\framework\web\CWebApplication.php(135): CWebApplication->runController('favicon.ico')
#1 D:\workspace\datamining\competition-php\framework\base\CApplication.php(162): CWebApplication->processRequest()
#2 D:\workspace\datamining\competition-php\index.php(13): CApplication->run()
#3 {main}
REQUEST_URI=/favicon.ico
---
2012/10/31 17:45:57 [error] [exception.CHttpException.404] exception 'CHttpException' with message '无法解析请求 "favicon.ico"。' in D:\workspace\datamining\competition-php\framework\web\CWebApplication.php:280
Stack trace:
#0 D:\workspace\datamining\competition-php\framework\web\CWebApplication.php(135): CWebApplication->runController('favicon.ico')
#1 D:\workspace\datamining\competition-php\framework\base\CApplication.php(162): CWebApplication->processRequest()
#2 D:\workspace\datamining\competition-php\index.php(13): CApplication->run()
#3 {main}
REQUEST_URI=/favicon.ico
---
2012/10/31 17:45:58 [error] [exception.CHttpException.404] exception 'CHttpException' with message '无法解析请求 "favicon.ico"。' in D:\workspace\datamining\competition-php\framework\web\CWebApplication.php:280
Stack trace:
#0 D:\workspace\datamining\competition-php\framework\web\CWebApplication.php(135): CWebApplication->runController('favicon.ico')
#1 D:\workspace\datamining\competition-php\framework\base\CApplication.php(162): CWebApplication->processRequest()
#2 D:\workspace\datamining\competition-php\index.php(13): CApplication->run()
#3 {main}
REQUEST_URI=/favicon.ico
---
2012/10/31 17:46:04 [error] [exception.CHttpException.404] exception 'CHttpException' with message '无法解析请求 "favicon.ico"。' in D:\workspace\datamining\competition-php\framework\web\CWebApplication.php:280
Stack trace:
#0 D:\workspace\datamining\competition-php\framework\web\CWebApplication.php(135): CWebApplication->runController('favicon.ico')
#1 D:\workspace\datamining\competition-php\framework\base\CApplication.php(162): CWebApplication->processRequest()
#2 D:\workspace\datamining\competition-php\index.php(13): CApplication->run()
#3 {main}
REQUEST_URI=/favicon.ico
---
2012/10/31 17:46:04 [error] [exception.CHttpException.404] exception 'CHttpException' with message '无法解析请求 "themes/blueribbon/images/beta.png"。' in D:\workspace\datamining\competition-php\framework\web\CWebApplication.php:280
Stack trace:
#0 D:\workspace\datamining\competition-php\framework\web\CWebApplication.php(135): CWebApplication->runController('themes/blueribb...')
#1 D:\workspace\datamining\competition-php\framework\base\CApplication.php(162): CWebApplication->processRequest()
#2 D:\workspace\datamining\competition-php\index.php(13): CApplication->run()
#3 {main}
REQUEST_URI=/themes/blueribbon/images/beta.png
HTTP_REFERER=http://comp.freemined.com/
---
2012/10/31 17:46:04 [error] [exception.CHttpException.404] exception 'CHttpException' with message '无法解析请求 "favicon.ico"。' in D:\workspace\datamining\competition-php\framework\web\CWebApplication.php:280
Stack trace:
#0 D:\workspace\datamining\competition-php\framework\web\CWebApplication.php(135): CWebApplication->runController('favicon.ico')
#1 D:\workspace\datamining\competition-php\framework\base\CApplication.php(162): CWebApplication->processRequest()
#2 D:\workspace\datamining\competition-php\index.php(13): CApplication->run()
#3 {main}
REQUEST_URI=/favicon.ico
---
2012/10/31 17:46:07 [error] [exception.CHttpException.404] exception 'CHttpException' with message '无法解析请求 "favicon.ico"。' in D:\workspace\datamining\competition-php\framework\web\CWebApplication.php:280
Stack trace:
#0 D:\workspace\datamining\competition-php\framework\web\CWebApplication.php(135): CWebApplication->runController('favicon.ico')
#1 D:\workspace\datamining\competition-php\framework\base\CApplication.php(162): CWebApplication->processRequest()
#2 D:\workspace\datamining\competition-php\index.php(13): CApplication->run()
#3 {main}
REQUEST_URI=/favicon.ico
---
2012/10/31 17:46:15 [error] [exception.CHttpException.404] exception 'CHttpException' with message '无法解析请求 "themes/blueribbon/images/beta.png"。' in D:\workspace\datamining\competition-php\framework\web\CWebApplication.php:280
Stack trace:
#0 D:\workspace\datamining\competition-php\framework\web\CWebApplication.php(135): CWebApplication->runController('themes/blueribb...')
#1 D:\workspace\datamining\competition-php\framework\base\CApplication.php(162): CWebApplication->processRequest()
#2 D:\workspace\datamining\competition-php\index.php(13): CApplication->run()
#3 {main}
REQUEST_URI=/themes/blueribbon/images/beta.png
HTTP_REFERER=http://comp.freemined.com/
---
2012/10/31 17:46:16 [error] [exception.CHttpException.404] exception 'CHttpException' with message '无法解析请求 "favicon.ico"。' in D:\workspace\datamining\competition-php\framework\web\CWebApplication.php:280
Stack trace:
#0 D:\workspace\datamining\competition-php\framework\web\CWebApplication.php(135): CWebApplication->runController('favicon.ico')
#1 D:\workspace\datamining\competition-php\framework\base\CApplication.php(162): CWebApplication->processRequest()
#2 D:\workspace\datamining\competition-php\index.php(13): CApplication->run()
#3 {main}
REQUEST_URI=/favicon.ico
---
2012/10/31 17:46:18 [error] [exception.CHttpException.404] exception 'CHttpException' with message '无法解析请求 "favicon.ico"。' in D:\workspace\datamining\competition-php\framework\web\CWebApplication.php:280
Stack trace:
#0 D:\workspace\datamining\competition-php\framework\web\CWebApplication.php(135): CWebApplication->runController('favicon.ico')
#1 D:\workspace\datamining\competition-php\framework\base\CApplication.php(162): CWebApplication->processRequest()
#2 D:\workspace\datamining\competition-php\index.php(13): CApplication->run()
#3 {main}
REQUEST_URI=/favicon.ico
---
2012/10/31 17:46:18 [error] [exception.CHttpException.404] exception 'CHttpException' with message '无法解析请求 "favicon.ico"。' in D:\workspace\datamining\competition-php\framework\web\CWebApplication.php:280
Stack trace:
#0 D:\workspace\datamining\competition-php\framework\web\CWebApplication.php(135): CWebApplication->runController('favicon.ico')
#1 D:\workspace\datamining\competition-php\framework\base\CApplication.php(162): CWebApplication->processRequest()
#2 D:\workspace\datamining\competition-php\index.php(13): CApplication->run()
#3 {main}
REQUEST_URI=/favicon.ico
---
2012/10/31 17:46:20 [error] [exception.CHttpException.404] exception 'CHttpException' with message '无法解析请求 "favicon.ico"。' in D:\workspace\datamining\competition-php\framework\web\CWebApplication.php:280
Stack trace:
#0 D:\workspace\datamining\competition-php\framework\web\CWebApplication.php(135): CWebApplication->runController('favicon.ico')
#1 D:\workspace\datamining\competition-php\framework\base\CApplication.php(162): CWebApplication->processRequest()
#2 D:\workspace\datamining\competition-php\index.php(13): CApplication->run()
#3 {main}
REQUEST_URI=/favicon.ico
---
2012/10/31 17:46:20 [error] [exception.CHttpException.404] exception 'CHttpException' with message '无法解析请求 "favicon.ico"。' in D:\workspace\datamining\competition-php\framework\web\CWebApplication.php:280
Stack trace:
#0 D:\workspace\datamining\competition-php\framework\web\CWebApplication.php(135): CWebApplication->runController('favicon.ico')
#1 D:\workspace\datamining\competition-php\framework\base\CApplication.php(162): CWebApplication->processRequest()
#2 D:\workspace\datamining\competition-php\index.php(13): CApplication->run()
#3 {main}
REQUEST_URI=/favicon.ico
---
2012/10/31 17:46:23 [error] [exception.CHttpException.404] exception 'CHttpException' with message '无法解析请求 "favicon.ico"。' in D:\workspace\datamining\competition-php\framework\web\CWebApplication.php:280
Stack trace:
#0 D:\workspace\datamining\competition-php\framework\web\CWebApplication.php(135): CWebApplication->runController('favicon.ico')
#1 D:\workspace\datamining\competition-php\framework\base\CApplication.php(162): CWebApplication->processRequest()
#2 D:\workspace\datamining\competition-php\index.php(13): CApplication->run()
#3 {main}
REQUEST_URI=/favicon.ico
---
2012/10/31 17:46:25 [error] [exception.CHttpException.404] exception 'CHttpException' with message '无法解析请求 "favicon.ico"。' in D:\workspace\datamining\competition-php\framework\web\CWebApplication.php:280
Stack trace:
#0 D:\workspace\datamining\competition-php\framework\web\CWebApplication.php(135): CWebApplication->runController('favicon.ico')
#1 D:\workspace\datamining\competition-php\framework\base\CApplication.php(162): CWebApplication->processRequest()
#2 D:\workspace\datamining\competition-php\index.php(13): CApplication->run()
#3 {main}
REQUEST_URI=/favicon.ico
---
2012/10/31 17:46:27 [error] [exception.CHttpException.404] exception 'CHttpException' with message '无法解析请求 "favicon.ico"。' in D:\workspace\datamining\competition-php\framework\web\CWebApplication.php:280
Stack trace:
#0 D:\workspace\datamining\competition-php\framework\web\CWebApplication.php(135): CWebApplication->runController('favicon.ico')
#1 D:\workspace\datamining\competition-php\framework\base\CApplication.php(162): CWebApplication->processRequest()
#2 D:\workspace\datamining\competition-php\index.php(13): CApplication->run()
#3 {main}
REQUEST_URI=/favicon.ico
---
2012/10/31 17:46:28 [error] [exception.CHttpException.404] exception 'CHttpException' with message '无法解析请求 "favicon.ico"。' in D:\workspace\datamining\competition-php\framework\web\CWebApplication.php:280
Stack trace:
#0 D:\workspace\datamining\competition-php\framework\web\CWebApplication.php(135): CWebApplication->runController('favicon.ico')
#1 D:\workspace\datamining\competition-php\framework\base\CApplication.php(162): CWebApplication->processRequest()
#2 D:\workspace\datamining\competition-php\index.php(13): CApplication->run()
#3 {main}
REQUEST_URI=/favicon.ico
---
2012/10/31 17:46:28 [error] [exception.CHttpException.404] exception 'CHttpException' with message '无法解析请求 "favicon.ico"。' in D:\workspace\datamining\competition-php\framework\web\CWebApplication.php:280
Stack trace:
#0 D:\workspace\datamining\competition-php\framework\web\CWebApplication.php(135): CWebApplication->runController('favicon.ico')
#1 D:\workspace\datamining\competition-php\framework\base\CApplication.php(162): CWebApplication->processRequest()
#2 D:\workspace\datamining\competition-php\index.php(13): CApplication->run()
#3 {main}
REQUEST_URI=/favicon.ico
---
2012/10/31 17:46:29 [error] [exception.CHttpException.404] exception 'CHttpException' with message '无法解析请求 "favicon.ico"。' in D:\workspace\datamining\competition-php\framework\web\CWebApplication.php:280
Stack trace:
#0 D:\workspace\datamining\competition-php\framework\web\CWebApplication.php(135): CWebApplication->runController('favicon.ico')
#1 D:\workspace\datamining\competition-php\framework\base\CApplication.php(162): CWebApplication->processRequest()
#2 D:\workspace\datamining\competition-php\index.php(13): CApplication->run()
#3 {main}
REQUEST_URI=/favicon.ico
---
2012/10/31 17:46:32 [error] [exception.CHttpException.404] exception 'CHttpException' with message '无法解析请求 "favicon.ico"。' in D:\workspace\datamining\competition-php\framework\web\CWebApplication.php:280
Stack trace:
#0 D:\workspace\datamining\competition-php\framework\web\CWebApplication.php(135): CWebApplication->runController('favicon.ico')
#1 D:\workspace\datamining\competition-php\framework\base\CApplication.php(162): CWebApplication->processRequest()
#2 D:\workspace\datamining\competition-php\index.php(13): CApplication->run()
#3 {main}
REQUEST_URI=/favicon.ico
---
